2019-12-11 15:42:17,713 DEBUG - 1.578ms,commonrequest:getBlockNumber:DONE
2019-12-11 15:42:17,714 DEBUG - 1.153ms,commonrequest:getClientVersion:DONE
2019-12-11 15:44:26,816 DEBUG - 1.453ms,commonrequest:getBlockNumber:DONE
2019-12-11 15:57:51,973 DEBUG - 1.732ms,commonrequest:getBlockNumber:DONE
2019-12-11 15:58:44,405 DEBUG - 1.626ms,commonrequest:getBlockNumber:DONE
2019-12-11 15:59:18,070 DEBUG - 1.719ms,commonrequest:getBlockNumber:DONE
2019-12-11 15:59:24,501 DEBUG - 228.313ms,commonrequest:sendRawTransaction:DONE
2019-12-11 15:59:53,341 DEBUG - 1.436ms,commonrequest:getBlockNumber:DONE
2019-12-11 15:59:54,313 DEBUG - 3.292ms,commonrequest:call:DONE
2019-12-11 16:05:15,956 DEBUG - 1.661ms,commonrequest:getBlockNumber:DONE
2019-12-11 16:05:16,826 DEBUG - 3.276ms,commonrequest:call:DONE
2019-12-11 16:06:41,923 DEBUG - 1.510ms,commonrequest:getBlockNumber:DONE
2019-12-11 16:07:05,540 DEBUG - 2.750ms,commonrequest:getBlockNumber:DONE
2019-12-11 16:07:06,399 DEBUG - 1.937ms,commonrequest:call:DONE
2019-12-11 16:07:11,531 DEBUG - 1.558ms,commonrequest:getBlockNumber:DONE
2019-12-11 16:07:12,493 DEBUG - 4.227ms,commonrequest:call:DONE
2019-12-11 16:07:20,756 DEBUG - 1.738ms,commonrequest:getBlockNumber:DONE
2019-12-11 16:07:21,710 DEBUG - 3.118ms,commonrequest:call:DONE
2019-12-11 16:07:30,435 DEBUG - 1.730ms,commonrequest:getBlockNumber:DONE
2019-12-11 16:07:31,346 DEBUG - 1.900ms,commonrequest:call:DONE
2019-12-11 16:08:05,560 DEBUG - 1.458ms,commonrequest:getBlockNumber:DONE
2019-12-11 16:08:06,492 DEBUG - 1.979ms,commonrequest:call:DONE
2019-12-11 16:08:13,921 DEBUG - 1.311ms,commonrequest:getBlockNumber:DONE
2019-12-11 16:08:14,799 DEBUG - 1.953ms,commonrequest:call:DONE
2019-12-11 16:08:19,175 DEBUG - 1.485ms,commonrequest:getBlockNumber:DONE
2019-12-11 16:08:20,036 DEBUG - 3.423ms,commonrequest:call:DONE
2019-12-11 16:11:30,301 DEBUG - 1.638ms,commonrequest:getBlockNumber:DONE
2019-12-11 16:11:36,617 DEBUG - 135.685ms,commonrequest:sendRawTransaction:DONE
2019-12-11 16:11:57,897 DEBUG - 2.623ms,commonrequest:getBlockNumber:DONE
2019-12-11 16:11:58,847 DEBUG - 3.221ms,commonrequest:call:DONE
2019-12-11 16:12:07,258 DEBUG - 1.420ms,commonrequest:getBlockNumber:DONE
2019-12-11 16:12:08,197 DEBUG - 1.852ms,commonrequest:call:DONE
2019-12-11 16:13:07,981 DEBUG - 1.668ms,commonrequest:getBlockNumber:DONE
2019-12-11 16:13:08,924 DEBUG - 3.757ms,commonrequest:call:DONE
2019-12-11 16:16:08,602 DEBUG - 1.489ms,commonrequest:getBlockNumber:DONE
2019-12-11 16:16:09,551 DEBUG - 1.949ms,commonrequest:call:DONE
2019-12-11 16:16:21,505 DEBUG - 1.444ms,commonrequest:getBlockNumber:DONE
2019-12-11 16:16:22,454 DEBUG - 2.306ms,commonrequest:call:DONE
2019-12-11 16:16:47,728 DEBUG - 1.511ms,commonrequest:getBlockNumber:DONE
2019-12-11 16:16:48,714 DEBUG - 3.351ms,commonrequest:call:DONE
2019-12-11 16:16:53,089 DEBUG - 1.658ms,commonrequest:getBlockNumber:DONE
2019-12-11 16:16:54,065 DEBUG - 3.074ms,commonrequest:call:DONE
2019-12-11 16:18:00,470 DEBUG - 1.668ms,commonrequest:getBlockNumber:DONE
2019-12-11 16:18:06,886 DEBUG - 386.074ms,commonrequest:sendRawTransaction:DONE
2019-12-11 16:18:44,476 DEBUG - 1.513ms,commonrequest:getBlockNumber:DONE
2019-12-11 16:18:45,595 DEBUG - 130.380ms,commonrequest:sendRawTransaction:DONE
2019-12-11 16:18:45,601 DEBUG - 3.412ms,commonrequest:getTransactionByHash:DONE
2019-12-11 16:19:13,466 DEBUG - 1.255ms,commonrequest:getBlockNumber:DONE
2019-12-11 16:19:14,340 DEBUG - 3.163ms,commonrequest:call:DONE
2019-12-11 16:20:34,815 DEBUG - 1.609ms,commonrequest:getBlockNumber:DONE
2019-12-11 16:20:36,354 DEBUG - 627.278ms,commonrequest:sendRawTransaction:DONE
2019-12-11 16:20:36,359 DEBUG - 2.859ms,commonrequest:getTransactionByHash:DONE
2019-12-11 16:20:39,196 DEBUG - 1.647ms,commonrequest:getBlockNumber:DONE
2019-12-11 16:20:40,156 DEBUG - 3.822ms,commonrequest:call:DONE
2019-12-11 16:22:14,795 DEBUG - 3.042ms,commonrequest:getBlockNumber:DONE
2019-12-11 16:22:15,745 DEBUG - 2.250ms,commonrequest:call:DONE
2019-12-11 16:22:29,111 DEBUG - 1.521ms,commonrequest:getBlockNumber:DONE
2019-12-11 16:22:35,266 DEBUG - 183.040ms,commonrequest:sendRawTransaction:DONE
2019-12-11 16:22:56,045 DEBUG - 1.471ms,commonrequest:getBlockNumber:DONE
2019-12-11 16:22:57,005 DEBUG - 3.456ms,commonrequest:call:DONE
2019-12-11 16:27:47,908 DEBUG - 3.047ms,commonrequest:getBlockNumber:DONE
2019-12-11 16:27:54,319 DEBUG - 423.004ms,commonrequest:sendRawTransaction:DONE
2019-12-11 16:28:52,084 DEBUG - 1.518ms,commonrequest:getBlockNumber:DONE
2019-12-11 16:28:53,024 DEBUG - 3.348ms,commonrequest:call:DONE
2019-12-11 16:29:00,157 DEBUG - 1.488ms,commonrequest:getBlockNumber:DONE
2019-12-11 16:29:01,094 DEBUG - 1.855ms,commonrequest:call:DONE
2019-12-11 16:29:04,465 DEBUG - 1.438ms,commonrequest:getBlockNumber:DONE
2019-12-11 16:29:05,413 DEBUG - 3.118ms,commonrequest:call:DONE
2019-12-11 16:29:25,776 DEBUG - 1.484ms,commonrequest:getBlockNumber:DONE
2019-12-11 16:29:27,026 DEBUG - 282.320ms,commonrequest:sendRawTransaction:DONE
2019-12-11 16:29:27,032 DEBUG - 3.732ms,commonrequest:getTransactionByHash:DONE
2019-12-11 16:29:57,484 DEBUG - 1.641ms,commonrequest:getBlockNumber:DONE
2019-12-11 16:29:58,442 DEBUG - 3.199ms,commonrequest:call:DONE
2019-12-11 16:30:29,640 DEBUG - 1.619ms,commonrequest:getBlockNumber:DONE
2019-12-11 16:30:30,795 DEBUG - 198.787ms,commonrequest:sendRawTransaction:DONE
2019-12-11 16:30:30,801 DEBUG - 4.171ms,commonrequest:getTransactionByHash:DONE
2019-12-11 16:30:38,108 DEBUG - 1.491ms,commonrequest:getBlockNumber:DONE
2019-12-11 16:30:39,056 DEBUG - 3.244ms,commonrequest:call:DONE
2019-12-11 16:37:19,967 DEBUG - 1.684ms,commonrequest:getBlockNumber:DONE
2019-12-11 16:37:21,226 DEBUG - 308.279ms,commonrequest:sendRawTransaction:DONE
2019-12-11 16:37:21,230 DEBUG - 1.859ms,commonrequest:getTransactionByHash:DONE
2019-12-11 16:37:30,294 DEBUG - 1.432ms,commonrequest:getBlockNumber:DONE
2019-12-11 16:37:31,237 DEBUG - 2.987ms,commonrequest:call:DONE
2019-12-11 16:51:06,546 DEBUG - 1.514ms,commonrequest:getBlockNumber:DONE
2019-12-11 16:51:07,495 DEBUG - 2.991ms,commonrequest:call:DONE
2019-12-11 18:13:04,574 DEBUG - 1.728ms,commonrequest:getBlockNumber:DONE
2019-12-11 18:13:05,492 DEBUG - 3.162ms,commonrequest:call:DONE
2019-12-11 18:16:51,935 DEBUG - 1.604ms,commonrequest:getBlockNumber:DONE
2019-12-11 18:16:52,848 DEBUG - 3.114ms,commonrequest:call:DONE
2019-12-11 18:28:00,269 DEBUG - 1.599ms,commonrequest:getBlockNumber:DONE
2019-12-11 18:28:01,152 DEBUG - 3.238ms,commonrequest:call:DONE
2019-12-11 18:32:47,320 DEBUG - 1.502ms,commonrequest:getBlockNumber:DONE
2019-12-11 18:32:48,230 DEBUG - 3.207ms,commonrequest:call:DONE
2019-12-11 18:33:23,354 DEBUG - 1.497ms,commonrequest:getBlockNumber:DONE
2019-12-11 18:33:24,245 DEBUG - 3.412ms,commonrequest:call:DONE
2019-12-11 18:34:45,898 DEBUG - 1.627ms,commonrequest:getBlockNumber:DONE
2019-12-11 18:34:46,802 DEBUG - 3.284ms,commonrequest:call:DONE
2019-12-11 18:42:25,748 DEBUG - 1.567ms,commonrequest:getBlockNumber:DONE
2019-12-11 18:42:26,693 DEBUG - 2.713ms,commonrequest:call:DONE
2019-12-11 18:43:12,761 DEBUG - 1.510ms,commonrequest:getBlockNumber:DONE
2019-12-11 18:43:13,655 DEBUG - 3.168ms,commonrequest:call:DONE
2019-12-11 18:48:47,896 DEBUG - 1.553ms,commonrequest:getBlockNumber:DONE
2019-12-11 18:48:48,786 DEBUG - 3.248ms,commonrequest:call:DONE
2019-12-11 19:02:46,458 DEBUG - 1.456ms,commonrequest:getBlockNumber:DONE
2019-12-11 19:02:47,999 DEBUG - 576.386ms,commonrequest:sendRawTransaction:DONE
2019-12-11 19:02:48,002 DEBUG - 1.226ms,commonrequest:getTransactionByHash:DONE
2019-12-11 19:02:58,027 DEBUG - 1.694ms,commonrequest:getBlockNumber:DONE
2019-12-11 19:02:58,907 DEBUG - 3.257ms,commonrequest:call:DONE
2019-12-11 19:03:59,128 DEBUG - 1.529ms,commonrequest:getBlockNumber:DONE
2019-12-11 19:04:00,666 DEBUG - 643.675ms,commonrequest:sendRawTransaction:DONE
2019-12-11 19:04:00,670 DEBUG - 1.585ms,commonrequest:getTransactionByHash:DONE
2019-12-11 19:04:06,113 DEBUG - 1.486ms,commonrequest:getBlockNumber:DONE
2019-12-11 19:04:07,068 DEBUG - 3.212ms,commonrequest:call:DONE
2019-12-11 19:06:04,488 DEBUG - 1.466ms,commonrequest:getBlockNumber:DONE
2019-12-11 19:06:05,462 DEBUG - 51.078ms,commonrequest:sendRawTransaction:DONE
2019-12-11 19:06:05,466 DEBUG - 1.919ms,commonrequest:getTransactionByHash:DONE
2019-12-11 19:06:40,664 DEBUG - 1.501ms,commonrequest:getBlockNumber:DONE
2019-12-11 19:06:42,058 DEBUG - 489.265ms,commonrequest:sendRawTransaction:DONE
2019-12-11 19:06:42,062 DEBUG - 1.570ms,commonrequest:getTransactionByHash:DONE
2019-12-11 19:06:48,038 DEBUG - 1.549ms,commonrequest:getBlockNumber:DONE
2019-12-11 19:06:48,917 DEBUG - 3.194ms,commonrequest:call:DONE
2019-12-11 19:15:51,473 DEBUG - 1.495ms,commonrequest:getBlockNumber:DONE
2019-12-11 19:24:30,144 DEBUG - 1.679ms,commonrequest:getBlockNumber:DONE
2019-12-11 19:27:20,545 DEBUG - 1.518ms,commonrequest:getBlockNumber:DONE
2019-12-11 19:27:26,777 DEBUG - 187.497ms,commonrequest:sendRawTransaction:DONE
2019-12-11 19:29:16,590 DEBUG - 1.455ms,commonrequest:getBlockNumber:DONE
2019-12-11 19:29:17,483 DEBUG - 3.386ms,commonrequest:call:DONE
2019-12-11 21:21:38,365 DEBUG - 1.672ms,commonrequest:getBlockNumber:DONE
2019-12-11 21:21:39,703 DEBUG - 390.983ms,commonrequest:sendRawTransaction:DONE
2019-12-11 21:21:39,707 DEBUG - 1.897ms,commonrequest:getTransactionByHash:DONE
2019-12-11 21:21:54,335 DEBUG - 1.223ms,commonrequest:getBlockNumber:DONE
2019-12-11 21:21:55,353 DEBUG - 136.874ms,commonrequest:sendRawTransaction:DONE
2019-12-11 21:21:55,357 DEBUG - 2.195ms,commonrequest:getTransactionByHash:DONE
2019-12-11 21:22:00,553 DEBUG - 1.502ms,commonrequest:getBlockNumber:DONE
2019-12-11 21:22:01,488 DEBUG - 3.228ms,commonrequest:call:DONE
2019-12-11 21:25:35,277 DEBUG - 1.464ms,commonrequest:getBlockNumber:DONE
2019-12-11 21:25:36,143 DEBUG - 3.268ms,commonrequest:call:DONE
2019-12-11 21:25:37,670 DEBUG - 1.542ms,commonrequest:getBlockNumber:DONE
2019-12-11 21:25:38,556 DEBUG - 5.549ms,commonrequest:call:DONE
2019-12-11 21:27:38,575 DEBUG - 1.457ms,commonrequest:getBlockNumber:DONE
2019-12-11 21:27:39,453 DEBUG - 2.973ms,commonrequest:call:DONE
2019-12-11 21:27:40,155 DEBUG - 1.579ms,commonrequest:getBlockNumber:DONE
2019-12-11 21:27:41,026 DEBUG - 3.121ms,commonrequest:call:DONE
2019-12-11 21:28:20,466 DEBUG - 1.494ms,commonrequest:getBlockNumber:DONE
2019-12-11 21:28:21,346 DEBUG - 3.009ms,commonrequest:call:DONE
2019-12-11 21:28:22,855 DEBUG - 1.511ms,commonrequest:getBlockNumber:DONE
2019-12-11 21:28:23,737 DEBUG - 3.071ms,commonrequest:call:DONE
2019-12-11 21:29:29,936 DEBUG - 1.489ms,commonrequest:getBlockNumber:DONE
2019-12-11 21:29:30,864 DEBUG - 3.343ms,commonrequest:call:DONE
2019-12-11 21:31:16,947 DEBUG - 2.815ms,commonrequest:getBlockNumber:DONE
2019-12-11 21:31:17,837 DEBUG - 2.195ms,commonrequest:call:DONE
2019-12-11 21:31:53,908 DEBUG - 1.632ms,commonrequest:getBlockNumber:DONE
2019-12-11 21:31:54,810 DEBUG - 1.837ms,commonrequest:call:DONE
2019-12-11 21:32:10,889 DEBUG - 1.487ms,commonrequest:getBlockNumber:DONE
2019-12-11 21:32:11,809 DEBUG - 2.199ms,commonrequest:call:DONE
2019-12-11 21:35:09,218 DEBUG - 1.481ms,commonrequest:getBlockNumber:DONE
2019-12-11 21:35:10,610 DEBUG - 488.636ms,commonrequest:sendRawTransaction:DONE
2019-12-11 21:38:09,916 DEBUG - 1.486ms,commonrequest:getBlockNumber:DONE
2019-12-11 21:38:11,161 DEBUG - 363.897ms,commonrequest:sendRawTransaction:DONE
2019-12-11 21:38:11,165 DEBUG - 2.051ms,commonrequest:getTransactionByHash:DONE
2019-12-11 21:40:01,950 DEBUG - 1.473ms,commonrequest:getBlockNumber:DONE
2019-12-11 21:40:02,825 DEBUG - 2.978ms,commonrequest:call:DONE
2019-12-11 21:40:04,386 DEBUG - 1.615ms,commonrequest:getBlockNumber:DONE
2019-12-11 21:40:05,268 DEBUG - 3.089ms,commonrequest:call:DONE
2019-12-11 21:41:43,669 DEBUG - 1.500ms,commonrequest:getBlockNumber:DONE
2019-12-11 21:41:44,572 DEBUG - 2.899ms,commonrequest:call:DONE
2019-12-11 21:41:45,281 DEBUG - 1.729ms,commonrequest:getBlockNumber:DONE
2019-12-11 21:41:46,174 DEBUG - 3.074ms,commonrequest:call:DONE
2019-12-11 21:43:34,720 DEBUG - 2.351ms,commonrequest:getBlockNumber:DONE
2019-12-11 21:43:35,617 DEBUG - 3.211ms,commonrequest:call:DONE
2019-12-11 21:43:37,139 DEBUG - 1.285ms,commonrequest:getBlockNumber:DONE
2019-12-11 21:43:38,069 DEBUG - 3.158ms,commonrequest:call:DONE
2019-12-11 21:44:03,203 DEBUG - 1.878ms,commonrequest:getBlockNumber:DONE
2019-12-11 21:44:04,073 DEBUG - 3.145ms,commonrequest:call:DONE
2019-12-11 21:44:04,806 DEBUG - 1.514ms,commonrequest:getBlockNumber:DONE
2019-12-11 21:44:05,688 DEBUG - 3.475ms,commonrequest:call:DONE
2019-12-11 21:45:58,736 DEBUG - 1.774ms,commonrequest:getBlockNumber:DONE
2019-12-11 21:45:59,632 DEBUG - 2.410ms,commonrequest:call:DONE
2019-12-11 21:46:00,356 DEBUG - 1.652ms,commonrequest:getBlockNumber:DONE
2019-12-11 21:46:01,228 DEBUG - 3.309ms,commonrequest:call:DONE
2019-12-11 21:55:43,427 DEBUG - 1.616ms,commonrequest:getBlockNumber:DONE
2019-12-11 21:55:44,320 DEBUG - 10.012ms,commonrequest:sendRawTransaction:DONE
2019-12-11 21:55:44,323 DEBUG - 1.686ms,commonrequest:getTransactionByHash:DONE
2019-12-11 21:56:56,133 DEBUG - 1.676ms,commonrequest:getBlockNumber:DONE
2019-12-11 21:56:56,994 DEBUG - 2.204ms,commonrequest:call:DONE
2019-12-11 21:56:57,706 DEBUG - 1.290ms,commonrequest:getBlockNumber:DONE
2019-12-11 21:56:58,591 DEBUG - 3.316ms,commonrequest:call:DONE
2019-12-11 21:57:47,375 DEBUG - 1.595ms,commonrequest:getBlockNumber:DONE
2019-12-11 21:57:48,284 DEBUG - 3.163ms,commonrequest:call:DONE
2019-12-11 21:57:48,998 DEBUG - 1.479ms,commonrequest:getBlockNumber:DONE
2019-12-11 21:57:49,891 DEBUG - 3.469ms,commonrequest:call:DONE
2019-12-11 22:02:52,184 DEBUG - 1.455ms,commonrequest:getBlockNumber:DONE
2019-12-11 22:02:53,146 DEBUG - 74.172ms,commonrequest:sendRawTransaction:DONE
2019-12-11 22:02:53,150 DEBUG - 2.197ms,commonrequest:getTransactionByHash:DONE
2019-12-11 22:03:13,287 DEBUG - 1.719ms,commonrequest:getBlockNumber:DONE
2019-12-11 22:03:14,178 DEBUG - 9.537ms,commonrequest:sendRawTransaction:DONE
2019-12-11 22:03:14,181 DEBUG - 1.724ms,commonrequest:getTransactionByHash:DONE
2019-12-11 22:03:26,498 DEBUG - 1.519ms,commonrequest:getBlockNumber:DONE
2019-12-11 22:03:27,418 DEBUG - 3.101ms,commonrequest:call:DONE
2019-12-11 22:03:28,121 DEBUG - 1.824ms,commonrequest:getBlockNumber:DONE
2019-12-11 22:03:29,004 DEBUG - 4.063ms,commonrequest:call:DONE
2019-12-11 22:03:43,459 DEBUG - 1.486ms,commonrequest:getBlockNumber:DONE
2019-12-11 22:03:44,349 DEBUG - 2.686ms,commonrequest:call:DONE
2019-12-11 22:03:45,035 DEBUG - 1.560ms,commonrequest:getBlockNumber:DONE
2019-12-11 22:03:45,957 DEBUG - 3.063ms,commonrequest:call:DONE
2019-12-11 22:04:13,865 DEBUG - 1.501ms,commonrequest:getBlockNumber:DONE
2019-12-11 22:04:14,925 DEBUG - 155.820ms,commonrequest:sendRawTransaction:DONE
2019-12-11 22:04:14,929 DEBUG - 1.907ms,commonrequest:getTransactionByHash:DONE
2019-12-11 22:04:22,947 DEBUG - 1.613ms,commonrequest:getBlockNumber:DONE
2019-12-11 22:04:24,451 DEBUG - 610.762ms,commonrequest:sendRawTransaction:DONE
2019-12-11 22:04:24,455 DEBUG - 2.551ms,commonrequest:getTransactionByHash:DONE
2019-12-11 22:04:30,271 DEBUG - 1.366ms,commonrequest:getBlockNumber:DONE
2019-12-11 22:04:31,139 DEBUG - 3.490ms,commonrequest:call:DONE
2019-12-11 22:04:31,857 DEBUG - 1.508ms,commonrequest:getBlockNumber:DONE
2019-12-11 22:04:32,731 DEBUG - 3.725ms,commonrequest:call:DONE
2019-12-11 22:04:46,452 DEBUG - 1.488ms,commonrequest:getBlockNumber:DONE
2019-12-11 22:04:47,314 DEBUG - 4.378ms,commonrequest:call:DONE
2019-12-11 22:04:48,016 DEBUG - 1.705ms,commonrequest:getBlockNumber:DONE
2019-12-11 22:04:48,916 DEBUG - 3.383ms,commonrequest:call:DONE
2019-12-11 22:05:16,728 DEBUG - 1.530ms,commonrequest:getBlockNumber:DONE
2019-12-11 22:05:17,604 DEBUG - 3.116ms,commonrequest:call:DONE
2019-12-11 22:05:18,298 DEBUG - 1.502ms,commonrequest:getBlockNumber:DONE
2019-12-11 22:05:19,165 DEBUG - 2.945ms,commonrequest:call:DONE
2019-12-11 22:06:13,979 DEBUG - 1.585ms,commonrequest:getBlockNumber:DONE
2019-12-11 22:06:14,849 DEBUG - 3.420ms,commonrequest:call:DONE
2019-12-11 22:06:15,552 DEBUG - 1.561ms,commonrequest:getBlockNumber:DONE
2019-12-11 22:06:16,449 DEBUG - 2.882ms,commonrequest:call:DONE
2019-12-11 22:06:40,285 DEBUG - 1.498ms,commonrequest:getBlockNumber:DONE
2019-12-11 22:06:41,167 DEBUG - 2.967ms,commonrequest:call:DONE
2019-12-11 22:06:41,854 DEBUG - 1.345ms,commonrequest:getBlockNumber:DONE
2019-12-11 22:06:42,739 DEBUG - 3.288ms,commonrequest:call:DONE
2019-12-11 22:07:24,353 DEBUG - 1.613ms,commonrequest:getBlockNumber:DONE
2019-12-11 22:07:25,220 DEBUG - 4.567ms,commonrequest:call:DONE
2019-12-11 22:07:25,922 DEBUG - 1.446ms,commonrequest:getBlockNumber:DONE
2019-12-11 22:07:26,791 DEBUG - 3.281ms,commonrequest:call:DONE
2019-12-11 22:07:32,501 DEBUG - 1.401ms,commonrequest:getBlockNumber:DONE
2019-12-11 22:07:33,374 DEBUG - 3.066ms,commonrequest:call:DONE
2019-12-11 22:07:34,888 DEBUG - 1.511ms,commonrequest:getBlockNumber:DONE
2019-12-11 22:07:35,797 DEBUG - 3.104ms,commonrequest:call:DONE
2019-12-11 22:10:12,202 DEBUG - 1.480ms,commonrequest:getBlockNumber:DONE
2019-12-11 22:10:13,075 DEBUG - 3.347ms,commonrequest:call:DONE
2019-12-11 22:10:41,602 DEBUG - 1.577ms,commonrequest:getBlockNumber:DONE
2019-12-11 22:10:42,529 DEBUG - 3.098ms,commonrequest:call:DONE
2019-12-11 22:10:44,031 DEBUG - 1.501ms,commonrequest:getBlockNumber:DONE
2019-12-11 22:10:44,936 DEBUG - 3.556ms,commonrequest:call:DONE
2019-12-11 22:12:40,700 DEBUG - 1.516ms,commonrequest:getBlockNumber:DONE
2019-12-11 22:12:42,072 DEBUG - 472.635ms,commonrequest:sendRawTransaction:DONE
2019-12-11 22:12:42,076 DEBUG - 1.892ms,commonrequest:getTransactionByHash:DONE
2019-12-11 22:12:50,399 DEBUG - 1.484ms,commonrequest:getBlockNumber:DONE
2019-12-11 22:12:51,269 DEBUG - 3.262ms,commonrequest:call:DONE
2019-12-11 22:12:52,789 DEBUG - 1.524ms,commonrequest:getBlockNumber:DONE
2019-12-11 22:12:53,685 DEBUG - 3.308ms,commonrequest:call:DONE
2019-12-11 22:12:57,471 DEBUG - 1.933ms,commonrequest:getBlockNumber:DONE
2019-12-11 22:12:58,617 DEBUG - 245.407ms,commonrequest:sendRawTransaction:DONE
2019-12-11 22:12:58,620 DEBUG - 1.710ms,commonrequest:getTransactionByHash:DONE
2019-12-11 22:13:01,659 DEBUG - 1.505ms,commonrequest:getBlockNumber:DONE
2019-12-11 22:13:02,561 DEBUG - 3.259ms,commonrequest:call:DONE
2019-12-11 22:13:03,259 DEBUG - 1.512ms,commonrequest:getBlockNumber:DONE
2019-12-11 22:13:04,120 DEBUG - 2.982ms,commonrequest:call:DONE
2019-12-11 22:16:16,998 DEBUG - 1.585ms,commonrequest:getBlockNumber:DONE
2019-12-11 22:16:17,868 DEBUG - 3.009ms,commonrequest:call:DONE
2019-12-11 22:16:18,657 DEBUG - 2.944ms,commonrequest:getBlockNumber:DONE
2019-12-11 22:16:19,527 DEBUG - 3.157ms,commonrequest:call:DONE
2019-12-11 22:17:59,020 DEBUG - 1.238ms,commonrequest:getBlockNumber:DONE
2019-12-11 22:17:59,903 DEBUG - 3.430ms,commonrequest:call:DONE
2019-12-11 22:18:01,435 DEBUG - 1.502ms,commonrequest:getBlockNumber:DONE
2019-12-11 22:18:02,312 DEBUG - 3.496ms,commonrequest:call:DONE
2019-12-11 22:18:05,599 DEBUG - 1.493ms,commonrequest:getBlockNumber:DONE
2019-12-11 22:18:06,480 DEBUG - 3.257ms,commonrequest:call:DONE
2019-12-11 22:18:07,198 DEBUG - 1.386ms,commonrequest:getBlockNumber:DONE
2019-12-11 22:18:08,071 DEBUG - 3.341ms,commonrequest:call:DONE
2019-12-11 22:20:47,002 DEBUG - 1.782ms,commonrequest:getBlockNumber:DONE
2019-12-11 22:20:47,874 DEBUG - 3.377ms,commonrequest:call:DONE
2019-12-11 22:20:49,400 DEBUG - 2.789ms,commonrequest:getBlockNumber:DONE
2019-12-11 22:20:50,298 DEBUG - 3.349ms,commonrequest:call:DONE
2019-12-11 22:24:14,539 DEBUG - 1.495ms,commonrequest:getBlockNumber:DONE
2019-12-11 22:24:15,457 DEBUG - 19.100ms,commonrequest:sendRawTransaction:DONE
2019-12-11 22:24:15,462 DEBUG - 2.076ms,commonrequest:getTransactionByHash:DONE
2019-12-11 22:24:40,337 DEBUG - 1.674ms,commonrequest:getBlockNumber:DONE
2019-12-11 22:24:51,214 DEBUG - 1.707ms,commonrequest:getBlockNumber:DONE
2019-12-11 22:29:19,486 DEBUG - 1.493ms,commonrequest:getBlockNumber:DONE
2019-12-11 22:29:20,387 DEBUG - 2.959ms,commonrequest:call:DONE
2019-12-11 22:32:38,910 DEBUG - 1.569ms,commonrequest:getBlockNumber:DONE
2019-12-11 22:32:39,784 DEBUG - 2.001ms,commonrequest:call:DONE
2019-12-11 22:38:09,636 DEBUG - 1.300ms,commonrequest:getBlockNumber:DONE
2019-12-11 22:38:10,828 DEBUG - 305.410ms,commonrequest:sendRawTransaction:DONE
2019-12-11 22:38:10,832 DEBUG - 1.828ms,commonrequest:getTransactionByHash:DONE
2019-12-11 22:41:10,613 DEBUG - 1.753ms,commonrequest:getBlockNumber:DONE
2019-12-11 22:41:11,719 DEBUG - 219.770ms,commonrequest:sendRawTransaction:DONE
2019-12-11 22:41:11,723 DEBUG - 1.836ms,commonrequest:getTransactionByHash:DONE
2019-12-11 22:42:38,958 DEBUG - 1.494ms,commonrequest:getBlockNumber:DONE
2019-12-11 22:42:40,426 DEBUG - 590.642ms,commonrequest:sendRawTransaction:DONE
2019-12-11 22:42:40,430 DEBUG - 1.696ms,commonrequest:getTransactionByHash:DONE
2019-12-11 22:42:55,441 DEBUG - 1.489ms,commonrequest:getBlockNumber:DONE
2019-12-11 22:42:56,970 DEBUG - 647.236ms,commonrequest:sendRawTransaction:DONE
2019-12-11 22:42:56,974 DEBUG - 1.738ms,commonrequest:getTransactionByHash:DONE
2019-12-11 22:43:11,108 DEBUG - 1.486ms,commonrequest:getBlockNumber:DONE
2019-12-11 22:43:12,514 DEBUG - 520.745ms,commonrequest:sendRawTransaction:DONE
2019-12-11 22:43:12,517 DEBUG - 1.786ms,commonrequest:getTransactionByHash:DONE
2019-12-11 22:43:26,736 DEBUG - 1.614ms,commonrequest:getBlockNumber:DONE
2019-12-11 22:43:28,052 DEBUG - 435.547ms,commonrequest:sendRawTransaction:DONE
2019-12-11 22:43:28,055 DEBUG - 1.208ms,commonrequest:getTransactionByHash:DONE
2019-12-11 22:43:32,655 DEBUG - 1.727ms,commonrequest:getBlockNumber:DONE
2019-12-11 22:43:33,541 DEBUG - 3.593ms,commonrequest:call:DONE
2019-12-11 22:43:54,264 DEBUG - 1.346ms,commonrequest:getBlockNumber:DONE
2019-12-11 22:43:55,619 DEBUG - 463.704ms,commonrequest:sendRawTransaction:DONE
2019-12-11 22:43:55,624 DEBUG - 2.347ms,commonrequest:getTransactionByHash:DONE
2019-12-11 22:44:04,671 DEBUG - 1.528ms,commonrequest:getBlockNumber:DONE
2019-12-11 22:44:05,542 DEBUG - 3.128ms,commonrequest:call:DONE
2019-12-11 22:44:06,240 DEBUG - 1.470ms,commonrequest:getBlockNumber:DONE
2019-12-11 22:44:07,112 DEBUG - 3.093ms,commonrequest:call:DONE
2019-12-11 22:46:05,571 DEBUG - 1.485ms,commonrequest:getBlockNumber:DONE
2019-12-11 22:46:06,439 DEBUG - 3.240ms,commonrequest:call:DONE
2019-12-11 22:46:07,964 DEBUG - 1.499ms,commonrequest:getBlockNumber:DONE
2019-12-11 22:46:08,828 DEBUG - 3.124ms,commonrequest:call:DONE
2019-12-11 22:46:10,362 DEBUG - 1.622ms,commonrequest:getBlockNumber:DONE
2019-12-11 22:46:11,412 DEBUG - 148.903ms,commonrequest:sendRawTransaction:DONE
2019-12-11 22:46:11,415 DEBUG - 1.909ms,commonrequest:getTransactionByHash:DONE
2019-12-11 22:46:12,114 DEBUG - 1.641ms,commonrequest:getBlockNumber:DONE
2019-12-11 22:46:13,238 DEBUG - 203.964ms,commonrequest:sendRawTransaction:DONE
2019-12-11 22:46:13,241 DEBUG - 1.677ms,commonrequest:getTransactionByHash:DONE
2019-12-11 22:46:17,952 DEBUG - 1.398ms,commonrequest:getBlockNumber:DONE
2019-12-11 22:46:18,835 DEBUG - 3.166ms,commonrequest:call:DONE
2019-12-11 22:46:19,521 DEBUG - 1.496ms,commonrequest:getBlockNumber:DONE
2019-12-11 22:46:20,392 DEBUG - 3.310ms,commonrequest:call:DONE
2019-12-11 22:46:46,465 DEBUG - 1.232ms,commonrequest:getBlockNumber:DONE
2019-12-11 22:46:47,325 DEBUG - 3.273ms,commonrequest:call:DONE
2019-12-11 22:46:48,017 DEBUG - 1.489ms,commonrequest:getBlockNumber:DONE
2019-12-11 22:46:48,874 DEBUG - 3.505ms,commonrequest:call:DONE
2019-12-11 22:46:53,568 DEBUG - 1.605ms,commonrequest:getBlockNumber:DONE
2019-12-11 22:46:54,441 DEBUG - 3.282ms,commonrequest:call:DONE
2019-12-11 22:46:55,145 DEBUG - 1.498ms,commonrequest:getBlockNumber:DONE
2019-12-11 22:46:56,027 DEBUG - 3.305ms,commonrequest:call:DONE
2019-12-11 22:46:56,725 DEBUG - 1.501ms,commonrequest:getBlockNumber:DONE
2019-12-11 22:46:57,843 DEBUG - 242.219ms,commonrequest:sendRawTransaction:DONE
2019-12-11 22:46:57,847 DEBUG - 1.945ms,commonrequest:getTransactionByHash:DONE
2019-12-11 22:46:59,341 DEBUG - 1.435ms,commonrequest:getBlockNumber:DONE
2019-12-11 22:47:00,463 DEBUG - 187.553ms,commonrequest:sendRawTransaction:DONE
2019-12-11 22:47:00,468 DEBUG - 2.400ms,commonrequest:getTransactionByHash:DONE
2019-12-11 22:47:04,202 DEBUG - 1.654ms,commonrequest:getBlockNumber:DONE
2019-12-11 22:47:05,066 DEBUG - 3.203ms,commonrequest:call:DONE
2019-12-11 22:47:05,761 DEBUG - 1.494ms,commonrequest:getBlockNumber:DONE
2019-12-11 22:47:06,660 DEBUG - 3.336ms,commonrequest:call:DONE
2019-12-11 22:47:45,783 DEBUG - 1.472ms,commonrequest:getBlockNumber:DONE
2019-12-11 22:47:46,657 DEBUG - 3.248ms,commonrequest:call:DONE
2019-12-11 22:47:47,370 DEBUG - 1.592ms,commonrequest:getBlockNumber:DONE
2019-12-11 22:47:48,247 DEBUG - 3.373ms,commonrequest:call:DONE
2019-12-11 22:47:51,132 DEBUG - 1.725ms,commonrequest:getBlockNumber:DONE
2019-12-11 22:47:52,001 DEBUG - 3.480ms,commonrequest:call:DONE
2019-12-11 22:47:53,542 DEBUG - 1.493ms,commonrequest:getBlockNumber:DONE
2019-12-11 22:47:54,416 DEBUG - 3.193ms,commonrequest:call:DONE
2019-12-11 23:05:19,689 DEBUG - 1.557ms,commonrequest:getBlockNumber:DONE
2019-12-11 23:05:20,568 DEBUG - 3.418ms,commonrequest:call:DONE
2019-12-11 23:05:21,268 DEBUG - 1.685ms,commonrequest:getBlockNumber:DONE
2019-12-11 23:05:22,201 DEBUG - 3.205ms,commonrequest:call:DONE
2019-12-11 23:05:33,437 DEBUG - 1.505ms,commonrequest:getBlockNumber:DONE
2019-12-11 23:05:34,303 DEBUG - 3.057ms,commonrequest:call:DONE
2019-12-11 23:05:35,829 DEBUG - 1.485ms,commonrequest:getBlockNumber:DONE
2019-12-11 23:05:36,769 DEBUG - 3.296ms,commonrequest:call:DONE
2019-12-11 23:06:35,287 DEBUG - 1.489ms,commonrequest:getBlockNumber:DONE
2019-12-11 23:06:36,179 DEBUG - 3.203ms,commonrequest:call:DONE
2019-12-11 23:06:36,899 DEBUG - 1.703ms,commonrequest:getBlockNumber:DONE
2019-12-11 23:06:37,779 DEBUG - 4.589ms,commonrequest:call:DONE
2019-12-11 23:06:54,022 DEBUG - 1.448ms,commonrequest:getBlockNumber:DONE
2019-12-11 23:06:54,904 DEBUG - 4.567ms,commonrequest:call:DONE
2019-12-11 23:07:50,291 DEBUG - 1.669ms,commonrequest:getBlockNumber:DONE
2019-12-11 23:07:51,167 DEBUG - 3.147ms,commonrequest:call:DONE
2019-12-11 23:07:51,878 DEBUG - 1.671ms,commonrequest:getBlockNumber:DONE
2019-12-11 23:07:52,758 DEBUG - 3.077ms,commonrequest:call:DONE
2019-12-11 23:08:47,836 DEBUG - 1.455ms,commonrequest:getBlockNumber:DONE
2019-12-11 23:08:48,717 DEBUG - 4.030ms,commonrequest:call:DONE
2019-12-11 23:08:49,416 DEBUG - 1.331ms,commonrequest:getBlockNumber:DONE
2019-12-11 23:08:50,312 DEBUG - 3.150ms,commonrequest:call:DONE
2019-12-11 23:09:34,909 DEBUG - 1.473ms,commonrequest:getBlockNumber:DONE
2019-12-11 23:09:35,780 DEBUG - 3.616ms,commonrequest:call:DONE
2019-12-11 23:09:36,473 DEBUG - 1.513ms,commonrequest:getBlockNumber:DONE
2019-12-11 23:09:37,347 DEBUG - 3.030ms,commonrequest:call:DONE
2019-12-11 23:09:38,872 DEBUG - 1.655ms,commonrequest:getBlockNumber:DONE
2019-12-11 23:09:40,031 DEBUG - 276.253ms,commonrequest:sendRawTransaction:DONE
2019-12-11 23:09:40,035 DEBUG - 1.652ms,commonrequest:getTransactionByHash:DONE
2019-12-11 23:09:40,739 DEBUG - 1.494ms,commonrequest:getBlockNumber:DONE
2019-12-11 23:09:41,861 DEBUG - 211.592ms,commonrequest:sendRawTransaction:DONE
2019-12-11 23:09:41,865 DEBUG - 1.693ms,commonrequest:getTransactionByHash:DONE
2019-12-11 23:09:42,556 DEBUG - 1.482ms,commonrequest:getBlockNumber:DONE
2019-12-11 23:09:43,684 DEBUG - 203.164ms,commonrequest:sendRawTransaction:DONE
2019-12-11 23:09:43,689 DEBUG - 2.117ms,commonrequest:getTransactionByHash:DONE
2019-12-11 23:09:56,529 DEBUG - 1.273ms,commonrequest:getBlockNumber:DONE
2019-12-11 23:09:57,394 DEBUG - 3.454ms,commonrequest:call:DONE
2019-12-11 23:09:58,104 DEBUG - 1.281ms,commonrequest:getBlockNumber:DONE
2019-12-11 23:09:58,979 DEBUG - 2.959ms,commonrequest:call:DONE
2019-12-11 23:10:42,935 DEBUG - 1.490ms,commonrequest:getBlockNumber:DONE
2019-12-11 23:10:43,799 DEBUG - 3.737ms,commonrequest:call:DONE
2019-12-11 23:10:45,301 DEBUG - 1.616ms,commonrequest:getBlockNumber:DONE
2019-12-11 23:10:46,181 DEBUG - 3.117ms,commonrequest:call:DONE
2019-12-11 23:10:47,712 DEBUG - 1.212ms,commonrequest:getBlockNumber:DONE
2019-12-11 23:10:48,645 DEBUG - 43.953ms,commonrequest:sendRawTransaction:DONE
2019-12-11 23:10:48,650 DEBUG - 2.256ms,commonrequest:getTransactionByHash:DONE
2019-12-11 23:10:50,176 DEBUG - 1.495ms,commonrequest:getBlockNumber:DONE
2019-12-11 23:10:51,270 DEBUG - 183.876ms,commonrequest:sendRawTransaction:DONE
2019-12-11 23:10:51,273 DEBUG - 1.739ms,commonrequest:getTransactionByHash:DONE
2019-12-11 23:10:51,992 DEBUG - 1.656ms,commonrequest:getBlockNumber:DONE
2019-12-11 23:10:53,094 DEBUG - 201.824ms,commonrequest:sendRawTransaction:DONE
2019-12-11 23:10:53,099 DEBUG - 2.080ms,commonrequest:getTransactionByHash:DONE
2019-12-11 23:11:14,967 DEBUG - 1.560ms,commonrequest:getBlockNumber:DONE
2019-12-11 23:11:15,830 DEBUG - 3.366ms,commonrequest:call:DONE
2019-12-11 23:11:16,553 DEBUG - 1.607ms,commonrequest:getBlockNumber:DONE
2019-12-11 23:11:17,428 DEBUG - 2.979ms,commonrequest:call:DONE
2019-12-11 23:11:19,305 DEBUG - 1.787ms,commonrequest:getBlockNumber:DONE
2019-12-11 23:11:20,206 DEBUG - 3.065ms,commonrequest:call:DONE
2019-12-11 23:12:48,784 DEBUG - 1.502ms,commonrequest:getBlockNumber:DONE
2019-12-11 23:12:49,843 DEBUG - 176.407ms,commonrequest:sendRawTransaction:DONE
2019-12-11 23:12:49,847 DEBUG - 2.468ms,commonrequest:getTransactionByHash:DONE
2019-12-11 23:14:06,013 DEBUG - 1.440ms,commonrequest:getBlockNumber:DONE
2019-12-11 23:14:07,515 DEBUG - 607.757ms,commonrequest:sendRawTransaction:DONE
2019-12-11 23:14:07,519 DEBUG - 1.723ms,commonrequest:getTransactionByHash:DONE
2019-12-11 23:14:45,425 DEBUG - 1.759ms,commonrequest:getBlockNumber:DONE
2019-12-11 23:14:46,417 DEBUG - 87.397ms,commonrequest:sendRawTransaction:DONE
2019-12-11 23:14:46,420 DEBUG - 1.011ms,commonrequest:getTransactionByHash:DONE
2019-12-11 23:14:52,157 DEBUG - 1.692ms,commonrequest:getBlockNumber:DONE
2019-12-11 23:14:53,045 DEBUG - 3.390ms,commonrequest:call:DONE
2019-12-11 23:14:53,769 DEBUG - 1.724ms,commonrequest:getBlockNumber:DONE
2019-12-11 23:14:54,646 DEBUG - 3.264ms,commonrequest:call:DONE
2019-12-11 23:15:22,893 DEBUG - 1.923ms,commonrequest:getBlockNumber:DONE
2019-12-11 23:15:23,771 DEBUG - 3.106ms,commonrequest:call:DONE
2019-12-11 23:15:25,297 DEBUG - 1.511ms,commonrequest:getBlockNumber:DONE
2019-12-11 23:15:26,180 DEBUG - 2.794ms,commonrequest:call:DONE
2019-12-11 23:15:26,888 DEBUG - 1.480ms,commonrequest:getBlockNumber:DONE
2019-12-11 23:15:28,026 DEBUG - 237.889ms,commonrequest:sendRawTransaction:DONE
2019-12-11 23:15:28,029 DEBUG - 1.840ms,commonrequest:getTransactionByHash:DONE
2019-12-11 23:15:28,752 DEBUG - 1.496ms,commonrequest:getBlockNumber:DONE
2019-12-11 23:15:29,848 DEBUG - 202.243ms,commonrequest:sendRawTransaction:DONE
2019-12-11 23:15:29,851 DEBUG - 1.504ms,commonrequest:getTransactionByHash:DONE
2019-12-11 23:15:30,556 DEBUG - 1.537ms,commonrequest:getBlockNumber:DONE
2019-12-11 23:15:31,467 DEBUG - 10.060ms,commonrequest:sendRawTransaction:DONE
2019-12-11 23:15:31,471 DEBUG - 1.886ms,commonrequest:getTransactionByHash:DONE
2019-12-11 23:15:40,692 DEBUG - 1.660ms,commonrequest:getBlockNumber:DONE
2019-12-11 23:15:41,576 DEBUG - 3.191ms,commonrequest:call:DONE
2019-12-11 23:15:42,288 DEBUG - 1.486ms,commonrequest:getBlockNumber:DONE
2019-12-11 23:15:43,151 DEBUG - 3.120ms,commonrequest:call:DONE
2019-12-11 23:17:06,511 DEBUG - 1.671ms,commonrequest:getBlockNumber:DONE
2019-12-11 23:17:07,500 DEBUG - 97.006ms,commonrequest:sendRawTransaction:DONE
2019-12-11 23:17:07,504 DEBUG - 1.741ms,commonrequest:getTransactionByHash:DONE
2019-12-11 23:17:20,633 DEBUG - 1.508ms,commonrequest:getBlockNumber:DONE
2019-12-11 23:17:22,041 DEBUG - 512.087ms,commonrequest:sendRawTransaction:DONE
2019-12-11 23:17:22,045 DEBUG - 1.811ms,commonrequest:getTransactionByHash:DONE
2019-12-11 23:17:35,017 DEBUG - 1.339ms,commonrequest:getBlockNumber:DONE
2019-12-11 23:17:35,917 DEBUG - 3.437ms,commonrequest:call:DONE
2019-12-11 23:18:07,893 DEBUG - 1.222ms,commonrequest:getBlockNumber:DONE
2019-12-11 23:18:08,787 DEBUG - 8.054ms,commonrequest:sendRawTransaction:DONE
2019-12-11 23:18:08,790 DEBUG - 1.498ms,commonrequest:getTransactionByHash:DONE
2019-12-11 23:18:14,918 DEBUG - 1.504ms,commonrequest:getBlockNumber:DONE
2019-12-11 23:18:15,789 DEBUG - 3.354ms,commonrequest:call:DONE
2019-12-11 23:18:22,960 DEBUG - 1.662ms,commonrequest:getBlockNumber:DONE
2019-12-11 23:18:23,838 DEBUG - 3.284ms,commonrequest:call:DONE
2019-12-11 23:18:24,534 DEBUG - 1.485ms,commonrequest:getBlockNumber:DONE
2019-12-11 23:18:25,454 DEBUG - 4.185ms,commonrequest:call:DONE
2019-12-11 23:19:31,059 DEBUG - 1.501ms,commonrequest:getBlockNumber:DONE
2019-12-11 23:19:31,998 DEBUG - 3.502ms,commonrequest:call:DONE
2019-12-11 23:19:33,529 DEBUG - 1.530ms,commonrequest:getBlockNumber:DONE
2019-12-11 23:19:34,398 DEBUG - 3.387ms,commonrequest:call:DONE
2019-12-11 23:19:35,936 DEBUG - 1.528ms,commonrequest:getBlockNumber:DONE
2019-12-11 23:19:37,498 DEBUG - 656.318ms,commonrequest:sendRawTransaction:DONE
2019-12-11 23:19:37,501 DEBUG - 1.133ms,commonrequest:getTransactionByHash:DONE
2019-12-11 23:19:39,019 DEBUG - 1.489ms,commonrequest:getBlockNumber:DONE
2019-12-11 23:19:40,010 DEBUG - 114.129ms,commonrequest:sendRawTransaction:DONE
2019-12-11 23:19:40,015 DEBUG - 2.343ms,commonrequest:getTransactionByHash:DONE
2019-12-11 23:19:40,729 DEBUG - 1.429ms,commonrequest:getBlockNumber:DONE
2019-12-11 23:19:41,837 DEBUG - 207.562ms,commonrequest:sendRawTransaction:DONE
2019-12-11 23:19:41,840 DEBUG - 1.632ms,commonrequest:getTransactionByHash:DONE
2019-12-11 23:19:46,216 DEBUG - 1.454ms,commonrequest:getBlockNumber:DONE
2019-12-11 23:19:47,082 DEBUG - 3.205ms,commonrequest:call:DONE
2019-12-11 23:19:47,796 DEBUG - 1.292ms,commonrequest:getBlockNumber:DONE
2019-12-11 23:19:48,612 DEBUG - 1.883ms,commonrequest:getBlockNumber:DONE
2019-12-11 23:19:48,663 DEBUG - 3.123ms,commonrequest:call:DONE
2019-12-11 23:19:49,490 DEBUG - 2.987ms,commonrequest:call:DONE
2019-12-11 23:21:01,201 DEBUG - 1.461ms,commonrequest:getBlockNumber:DONE
2019-12-11 23:21:02,524 DEBUG - 433.246ms,commonrequest:sendRawTransaction:DONE
2019-12-11 23:21:02,527 DEBUG - 1.583ms,commonrequest:getTransactionByHash:DONE
2019-12-11 23:21:11,043 DEBUG - 1.499ms,commonrequest:getBlockNumber:DONE
2019-12-11 23:21:11,907 DEBUG - 3.337ms,commonrequest:call:DONE
2019-12-11 23:21:12,598 DEBUG - 1.458ms,commonrequest:getBlockNumber:DONE
2019-12-11 23:21:13,464 DEBUG - 3.145ms,commonrequest:call:DONE
2019-12-11 23:21:24,137 DEBUG - 1.835ms,commonrequest:getBlockNumber:DONE
2019-12-11 23:21:25,192 DEBUG - 169.492ms,commonrequest:sendRawTransaction:DONE
2019-12-11 23:21:25,195 DEBUG - 1.594ms,commonrequest:getTransactionByHash:DONE
2019-12-11 23:21:28,344 DEBUG - 1.445ms,commonrequest:getBlockNumber:DONE
2019-12-11 23:21:29,222 DEBUG - 3.149ms,commonrequest:call:DONE
2019-12-11 23:21:29,923 DEBUG - 1.668ms,commonrequest:getBlockNumber:DONE
2019-12-11 23:21:30,796 DEBUG - 3.087ms,commonrequest:call:DONE
2019-12-11 23:21:38,484 DEBUG - 1.504ms,commonrequest:getBlockNumber:DONE
2019-12-11 23:21:39,345 DEBUG - 4.310ms,commonrequest:call:DONE
2019-12-11 23:21:40,053 DEBUG - 1.495ms,commonrequest:getBlockNumber:DONE
2019-12-11 23:21:40,926 DEBUG - 3.293ms,commonrequest:call:DONE
2019-12-11 23:21:41,642 DEBUG - 1.371ms,commonrequest:getBlockNumber:DONE
2019-12-11 23:21:42,739 DEBUG - 234.127ms,commonrequest:sendRawTransaction:DONE
2019-12-11 23:21:42,743 DEBUG - 1.707ms,commonrequest:getTransactionByHash:DONE
2019-12-11 23:21:43,448 DEBUG - 1.619ms,commonrequest:getBlockNumber:DONE
2019-12-11 23:21:44,361 DEBUG - 23.840ms,commonrequest:sendRawTransaction:DONE
2019-12-11 23:21:44,365 DEBUG - 1.555ms,commonrequest:getTransactionByHash:DONE
2019-12-11 23:21:45,093 DEBUG - 1.824ms,commonrequest:getBlockNumber:DONE
2019-12-11 23:21:46,187 DEBUG - 197.823ms,commonrequest:sendRawTransaction:DONE
2019-12-11 23:21:46,191 DEBUG - 1.930ms,commonrequest:getTransactionByHash:DONE
2019-12-11 23:21:49,593 DEBUG - 1.669ms,commonrequest:getBlockNumber:DONE
2019-12-11 23:21:50,461 DEBUG - 3.121ms,commonrequest:call:DONE
2019-12-11 23:21:54,390 DEBUG - 1.456ms,commonrequest:getBlockNumber:DONE
2019-12-11 23:21:55,251 DEBUG - 3.225ms,commonrequest:call:DONE
2019-12-11 23:21:55,935 DEBUG - 1.601ms,commonrequest:getBlockNumber:DONE
2019-12-11 23:21:56,797 DEBUG - 3.382ms,commonrequest:call:DONE
2019-12-11 23:22:03,533 DEBUG - 1.493ms,commonrequest:getBlockNumber:DONE
2019-12-11 23:22:04,737 DEBUG - 323.470ms,commonrequest:sendRawTransaction:DONE
2019-12-11 23:22:04,741 DEBUG - 1.589ms,commonrequest:getTransactionByHash:DONE
2019-12-11 23:22:08,376 DEBUG - 1.476ms,commonrequest:getBlockNumber:DONE
2019-12-11 23:22:09,289 DEBUG - 8.083ms,commonrequest:sendRawTransaction:DONE
2019-12-11 23:22:09,292 DEBUG - 1.124ms,commonrequest:getTransactionByHash:DONE
2019-12-11 23:22:27,630 DEBUG - 1.695ms,commonrequest:getBlockNumber:DONE
2019-12-11 23:22:28,515 DEBUG - 3.860ms,commonrequest:call:DONE
2019-12-11 23:22:29,216 DEBUG - 1.601ms,commonrequest:getBlockNumber:DONE
2019-12-11 23:22:30,105 DEBUG - 3.382ms,commonrequest:call:DONE
2019-12-11 23:22:39,934 DEBUG - 1.425ms,commonrequest:getBlockNumber:DONE
2019-12-11 23:22:40,847 DEBUG - 3.266ms,commonrequest:call:DONE
2019-12-11 23:22:41,548 DEBUG - 1.244ms,commonrequest:getBlockNumber:DONE
2019-12-11 23:22:42,486 DEBUG - 3.266ms,commonrequest:call:DONE
2019-12-11 23:22:43,204 DEBUG - 1.374ms,commonrequest:getBlockNumber:DONE
2019-12-11 23:22:44,189 DEBUG - 85.353ms,commonrequest:sendRawTransaction:DONE
2019-12-11 23:22:44,192 DEBUG - 1.557ms,commonrequest:getTransactionByHash:DONE
2019-12-11 23:22:45,697 DEBUG - 1.363ms,commonrequest:getBlockNumber:DONE
2019-12-11 23:22:46,699 DEBUG - 81.664ms,commonrequest:sendRawTransaction:DONE
2019-12-11 23:22:46,702 DEBUG - 1.712ms,commonrequest:getTransactionByHash:DONE
2019-12-11 23:22:47,428 DEBUG - 1.754ms,commonrequest:getBlockNumber:DONE
2019-12-11 23:22:48,339 DEBUG - 7.601ms,commonrequest:sendRawTransaction:DONE
2019-12-11 23:22:48,343 DEBUG - 2.087ms,commonrequest:getTransactionByHash:DONE
2019-12-11 23:22:50,051 DEBUG - 1.476ms,commonrequest:getBlockNumber:DONE
2019-12-11 23:22:50,922 DEBUG - 3.128ms,commonrequest:call:DONE
2019-12-11 23:22:59,770 DEBUG - 1.476ms,commonrequest:getBlockNumber:DONE
2019-12-11 23:23:00,648 DEBUG - 2.967ms,commonrequest:call:DONE
2019-12-11 23:23:01,347 DEBUG - 1.527ms,commonrequest:getBlockNumber:DONE
2019-12-11 23:23:02,227 DEBUG - 4.979ms,commonrequest:call:DONE
2019-12-11 23:24:33,188 DEBUG - 1.497ms,commonrequest:getBlockNumber:DONE
2019-12-11 23:24:34,180 DEBUG - 87.261ms,commonrequest:sendRawTransaction:DONE
2019-12-11 23:24:34,184 DEBUG - 1.867ms,commonrequest:getTransactionByHash:DONE
2019-12-11 23:24:43,505 DEBUG - 1.499ms,commonrequest:getBlockNumber:DONE
2019-12-11 23:24:44,377 DEBUG - 3.374ms,commonrequest:call:DONE
2019-12-11 23:24:45,107 DEBUG - 1.514ms,commonrequest:getBlockNumber:DONE
2019-12-11 23:24:45,986 DEBUG - 3.105ms,commonrequest:call:DONE
2019-12-11 23:24:58,938 DEBUG - 1.602ms,commonrequest:getBlockNumber:DONE
2019-12-11 23:24:59,816 DEBUG - 4.205ms,commonrequest:call:DONE
2019-12-11 23:25:00,507 DEBUG - 1.566ms,commonrequest:getBlockNumber:DONE
2019-12-11 23:25:01,419 DEBUG - 3.084ms,commonrequest:call:DONE
2019-12-11 23:25:02,967 DEBUG - 1.585ms,commonrequest:getBlockNumber:DONE
2019-12-11 23:25:04,062 DEBUG - 205.163ms,commonrequest:sendRawTransaction:DONE
2019-12-11 23:25:04,065 DEBUG - 1.692ms,commonrequest:getTransactionByHash:DONE
2019-12-11 23:25:05,578 DEBUG - 1.634ms,commonrequest:getBlockNumber:DONE
2019-12-11 23:25:06,575 DEBUG - 52.661ms,commonrequest:sendRawTransaction:DONE
2019-12-11 23:25:06,579 DEBUG - 1.727ms,commonrequest:getTransactionByHash:DONE
2019-12-11 23:25:08,124 DEBUG - 1.500ms,commonrequest:getBlockNumber:DONE
2019-12-11 23:25:09,201 DEBUG - 191.415ms,commonrequest:sendRawTransaction:DONE
2019-12-11 23:25:09,204 DEBUG - 1.704ms,commonrequest:getTransactionByHash:DONE
2019-12-11 23:25:12,854 DEBUG - 1.486ms,commonrequest:getBlockNumber:DONE
2019-12-11 23:25:13,734 DEBUG - 3.073ms,commonrequest:call:DONE
2019-12-11 23:25:15,269 DEBUG - 1.512ms,commonrequest:getBlockNumber:DONE
2019-12-11 23:25:16,181 DEBUG - 4.606ms,commonrequest:call:DONE
2019-12-11 23:25:17,107 DEBUG - 1.525ms,commonrequest:getBlockNumber:DONE
2019-12-11 23:25:17,983 DEBUG - 3.344ms,commonrequest:call:DONE
